<?xml version="1.0" encoding="UTF-8"?>
<testsuite xmlns:xsi="http://www.w3.org/2001/XMLSchema-instance" xsi:noNamespaceSchemaLocation="https://maven.apache.org/surefire/maven-surefire-plugin/xsd/surefire-test-report-3.0.xsd" version="3.0" name="com.farukkavlak.akbankbootcamp.controller.UserControllerTest" time="8.987" tests="5" errors="0" skipped="0" failures="0">
  <properties>
[...]
</properties>
  <testcase name="testSaveCity" classname="com.farukkavlak.akbankbootcamp.controller.UserControllerTest" time="1.955">
    <system-out><![CDATA[
  .   ____          _            __ _ _
 /\\ / ___'_ __ _ _(_)_ __  __ _ \ \ \ \
( ( )\___ | '_ | '_| | '_ \/ _` | \ \ \ \
 \\/  ___)| |_)| | | | | || (_| |  ) ) ) )
  '  |____| .__|_| |_|_| |_\__, | / / / /
 =========|_|==============|___/=/_/_/_/
 :: Spring Boot ::                (v3.1.0)

2023-06-08T20:02:48.346+03:00  INFO 59628 --- [           main] c.f.a.controller.UserControllerTest      : Starting UserControllerTest using Java 17.0.5 with PID 59628 (started by farukkavlak in /Users/farukkavlak/Downloads/akbank-bootcamp)
2023-06-08T20:02:48.347+03:00  INFO 59628 --- [           main] c.f.a.controller.UserControllerTest      : No active profile set, falling back to 1 default profile: "default"
2023-06-08T20:02:48.718+03:00  INFO 59628 --- [           main] .s.d.r.c.RepositoryConfigurationDelegate : Bootstrapping Spring Data JPA repositories in DEFAULT mode.
2023-06-08T20:02:48.742+03:00  INFO 59628 --- [           main] .s.d.r.c.RepositoryConfigurationDelegate : Finished Spring Data repository scanning in 21 ms. Found 4 JPA repository interfaces.
2023-06-08T20:02:48.846+03:00  INFO 59628 --- [           main] o.s.cloud.context.scope.GenericScope     : BeanFactory id=d0936d17-fbb8-3881-9151-870630c6e76c
2023-06-08T20:02:48.888+03:00  INFO 59628 --- [           main] trationDelegate$BeanPostProcessorChecker : Bean 'com.farukkavlak.akbankbootcamp.client.WeatherApiClient' of type [org.springframework.cloud.openfeign.FeignClientFactoryBean] is not eligible for getting processed by all BeanPostProcessors (for example: not eligible for auto-proxying)
2023-06-08T20:02:48.993+03:00  INFO 59628 --- [           main] o.hibernate.jpa.internal.util.LogHelper  : HHH000204: Processing PersistenceUnitInfo [name: default]
2023-06-08T20:02:49.013+03:00  INFO 59628 --- [           main] org.hibernate.Version                    : HHH000412: Hibernate ORM core version 6.2.2.Final
2023-06-08T20:02:49.014+03:00  INFO 59628 --- [           main] org.hibernate.cfg.Environment            : HHH000406: Using bytecode reflection optimizer
2023-06-08T20:02:49.065+03:00  INFO 59628 --- [           main] o.h.b.i.BytecodeProviderInitiator        : HHH000021: Bytecode provider name : bytebuddy
2023-06-08T20:02:49.123+03:00  INFO 59628 --- [           main] o.s.o.j.p.SpringPersistenceUnitInfo      : No LoadTimeWeaver setup: ignoring JPA class transformer
2023-06-08T20:02:49.133+03:00  INFO 59628 --- [           main] com.zaxxer.hikari.HikariDataSource       : HikariPool-1 - Starting...
2023-06-08T20:02:50.398+03:00  INFO 59628 --- [           main] com.zaxxer.hikari.pool.HikariPool        : HikariPool-1 - Added connection org.postgresql.jdbc.PgConnection@6785df10
2023-06-08T20:02:50.403+03:00  INFO 59628 --- [           main] com.zaxxer.hikari.HikariDataSource       : HikariPool-1 - Start completed.
2023-06-08T20:02:50.494+03:00  INFO 59628 --- [           main] org.hibernate.orm.dialect                : HHH035001: Using dialect: org.hibernate.dialect.PostgreSQLDialect, version: org.hibernate.engine.jdbc.env.internal.JdbcEnvironmentInitiator$DialectResolutionInfoImpl@6b3b4f37
2023-06-08T20:02:50.789+03:00  INFO 59628 --- [           main] o.h.b.i.BytecodeProviderInitiator        : HHH000021: Bytecode provider name : bytebuddy
2023-06-08T20:02:51.123+03:00  INFO 59628 --- [           main] o.h.e.t.j.p.i.JtaPlatformInitiator       : HHH000490: Using JtaPlatform implementation: [org.hibernate.engine.transaction.jta.platform.internal.NoJtaPlatform]
2023-06-08T20:02:51.199+03:00  WARN 59628 --- [           main] o.h.engine.jdbc.spi.SqlExceptionHelper   : SQL Warning Code: 0, SQLState: 00000
2023-06-08T20:02:51.199+03:00  WARN 59628 --- [           main] o.h.engine.jdbc.spi.SqlExceptionHelper   : relation "user_cities" does not exist, skipping
2023-06-08T20:02:51.307+03:00  WARN 59628 --- [           main] o.h.engine.jdbc.spi.SqlExceptionHelper   : SQL Warning Code: 0, SQLState: 00000
2023-06-08T20:02:51.307+03:00  WARN 59628 --- [           main] o.h.engine.jdbc.spi.SqlExceptionHelper   : table "forecast_record" does not exist, skipping
2023-06-08T20:02:51.364+03:00  WARN 59628 --- [           main] o.h.engine.jdbc.spi.SqlExceptionHelper   : SQL Warning Code: 0, SQLState: 00000
2023-06-08T20:02:51.364+03:00  WARN 59628 --- [           main] o.h.engine.jdbc.spi.SqlExceptionHelper   : table "forecast_result" does not exist, skipping
2023-06-08T20:02:51.434+03:00  WARN 59628 --- [           main] o.h.engine.jdbc.spi.SqlExceptionHelper   : SQL Warning Code: 0, SQLState: 00000
2023-06-08T20:02:51.434+03:00  WARN 59628 --- [           main] o.h.engine.jdbc.spi.SqlExceptionHelper   : table "log" does not exist, skipping
2023-06-08T20:02:51.499+03:00  WARN 59628 --- [           main] o.h.engine.jdbc.spi.SqlExceptionHelper   : SQL Warning Code: 0, SQLState: 00000
2023-06-08T20:02:51.500+03:00  WARN 59628 --- [           main] o.h.engine.jdbc.spi.SqlExceptionHelper   : table "user_cities" does not exist, skipping
2023-06-08T20:02:51.558+03:00  WARN 59628 --- [           main] o.h.engine.jdbc.spi.SqlExceptionHelper   : SQL Warning Code: 0, SQLState: 00000
2023-06-08T20:02:51.559+03:00  WARN 59628 --- [           main] o.h.engine.jdbc.spi.SqlExceptionHelper   : table "users" does not exist, skipping
2023-06-08T20:02:51.707+03:00  WARN 59628 --- [           main] o.h.engine.jdbc.spi.SqlExceptionHelper   : SQL Warning Code: 0, SQLState: 00000
2023-06-08T20:02:51.708+03:00  WARN 59628 --- [           main] o.h.engine.jdbc.spi.SqlExceptionHelper   : sequence "forecast_record_id_seq" does not exist, skipping
2023-06-08T20:02:51.809+03:00  WARN 59628 --- [           main] o.h.engine.jdbc.spi.SqlExceptionHelper   : SQL Warning Code: 0, SQLState: 00000
2023-06-08T20:02:51.809+03:00  WARN 59628 --- [           main] o.h.engine.jdbc.spi.SqlExceptionHelper   : sequence "log_id_seq" does not exist, skipping
2023-06-08T20:02:51.903+03:00  WARN 59628 --- [           main] o.h.engine.jdbc.spi.SqlExceptionHelper   : SQL Warning Code: 0, SQLState: 00000
2023-06-08T20:02:51.903+03:00  WARN 59628 --- [           main] o.h.engine.jdbc.spi.SqlExceptionHelper   : sequence "result_seq" does not exist, skipping
2023-06-08T20:02:51.994+03:00  WARN 59628 --- [           main] o.h.engine.jdbc.spi.SqlExceptionHelper   : SQL Warning Code: 0, SQLState: 00000
2023-06-08T20:02:51.994+03:00  WARN 59628 --- [           main] o.h.engine.jdbc.spi.SqlExceptionHelper   : sequence "user_id_seq" does not exist, skipping
2023-06-08T20:02:53.009+03:00  INFO 59628 --- [           main] o.h.t.s.i.e.GenerationTargetToDatabase   : HHH000476: Executing script '[injected ScriptSourceInputNonExistentImpl script]'
2023-06-08T20:02:53.015+03:00  INFO 59628 --- [           main] j.LocalContainerEntityManagerFactoryBean : Initialized JPA EntityManagerFactory for persistence unit 'default'
2023-06-08T20:02:53.300+03:00  WARN 59628 --- [           main] JpaBaseConfiguration$JpaWebConfiguration : spring.jpa.open-in-view is enabled by default. Therefore, database queries may be performed during view rendering. Explicitly configure spring.jpa.open-in-view to disable this warning
2023-06-08T20:02:53.512+03:00  INFO 59628 --- [           main] o.s.s.web.DefaultSecurityFilterChain     : Will secure any request with [org.springframework.security.web.session.DisableEncodeUrlFilter@2db07651, org.springframework.security.web.context.request.async.WebAsyncManagerIntegrationFilter@718b9d56, org.springframework.security.web.context.SecurityContextHolderFilter@605c2b9f, org.springframework.security.web.header.HeaderWriterFilter@4578d654, org.springframework.web.filter.CorsFilter@6dc98c02, org.springframework.security.web.authentication.logout.LogoutFilter@3123ac1a, com.farukkavlak.akbankbootcamp.jwtConfig.JwtAuthFilter@7c4697fc, org.springframework.security.web.savedrequest.RequestCacheAwareFilter@35bcf3a6, org.springframework.security.web.servletapi.SecurityContextHolderAwareRequestFilter@1adc38a0, org.springframework.security.web.authentication.AnonymousAuthenticationFilter@36a59d8, org.springframework.security.web.session.SessionManagementFilter@3cb4f1a6, org.springframework.security.web.access.ExceptionTranslationFilter@2ab87cb8, org.springframework.security.web.access.intercept.AuthorizationFilter@2aaed928]
2023-06-08T20:02:53.770+03:00  INFO 59628 --- [           main] c.f.a.controller.UserControllerTest      : Started UserControllerTest in 5.568 seconds (process running for 5.961)
2023-06-08T20:02:54.087+03:00  INFO 59628 --- [           main] o.s.b.t.m.w.SpringBootMockServletContext : Initializing Spring TestDispatcherServlet ''
2023-06-08T20:02:54.088+03:00  INFO 59628 --- [           main] o.s.t.web.servlet.TestDispatcherServlet  : Initializing Servlet ''
2023-06-08T20:02:54.088+03:00  INFO 59628 --- [           main] o.s.t.web.servlet.TestDispatcherServlet  : Completed initialization in 0 ms
2023-06-08T20:02:54.667+03:00  INFO 59628 --- [           main] c.f.a.service.entityService.LogService   : User saved with id: 1
2023-06-08T20:02:55.706+03:00  INFO 59628 --- [           main] c.f.a.service.entityService.LogService   : Ankara added to user with id: 1
]]></system-out>
    <system-err><![CDATA[SLF4J: Class path contains multiple SLF4J providers.
SLF4J: Found provider [ch.qos.logback.classic.spi.LogbackServiceProvider@d554c5f]
SLF4J: Found provider [org.slf4j.simple.SimpleServiceProvider@2dfaea86]
SLF4J: See https://www.slf4j.org/codes.html#multiple_bindings for an explanation.
SLF4J: Actual provider is of type [ch.qos.logback.classic.spi.LogbackServiceProvider@d554c5f]
]]></system-err>
  </testcase>
  <testcase name="testSaveCityAlreadyAddedError" classname="com.farukkavlak.akbankbootcamp.controller.UserControllerTest" time="0.365">
    <system-out><![CDATA[2023-06-08T20:02:55.737+03:00  INFO 59628 --- [           main] o.s.b.t.m.w.SpringBootMockServletContext : Initializing Spring TestDispatcherServlet ''
2023-06-08T20:02:55.738+03:00  INFO 59628 --- [           main] o.s.t.web.servlet.TestDispatcherServlet  : Initializing Servlet ''
2023-06-08T20:02:55.739+03:00  INFO 59628 --- [           main] o.s.t.web.servlet.TestDispatcherServlet  : Completed initialization in 1 ms
2023-06-08T20:02:56.092+03:00 ERROR 59628 --- [           main] c.f.a.service.entityService.LogService   : {"data":{"errorDate":1686243775919,"message":"City already added!","detail":"uri=/api/v1/users/1/cities"},"responseDate":1686243775920,"messages":"City already added!","success":false}
]]></system-out>
  </testcase>
  <testcase name="testSaveCityUserTryToAddCityToAnotherUser" classname="com.farukkavlak.akbankbootcamp.controller.UserControllerTest" time="0.19">
    <system-out><![CDATA[2023-06-08T20:02:56.102+03:00  INFO 59628 --- [           main] o.s.b.t.m.w.SpringBootMockServletContext : Initializing Spring TestDispatcherServlet ''
2023-06-08T20:02:56.102+03:00  INFO 59628 --- [           main] o.s.t.web.servlet.TestDispatcherServlet  : Initializing Servlet ''
2023-06-08T20:02:56.103+03:00  INFO 59628 --- [           main] o.s.t.web.servlet.TestDispatcherServlet  : Completed initialization in 0 ms
2023-06-08T20:02:56.280+03:00 ERROR 59628 --- [           main] c.f.a.service.entityService.LogService   : {"data":{"errorDate":1686243776106,"message":"User id and token not match!","detail":"uri=/api/v1/users/2/cities"},"responseDate":1686243776106,"messages":"User id and token not match!","success":false}
]]></system-out>
  </testcase>
  <testcase name="testListCities" classname="com.farukkavlak.akbankbootcamp.controller.UserControllerTest" time="0.187">
    <system-out><![CDATA[2023-06-08T20:02:56.296+03:00  INFO 59628 --- [           main] o.s.b.t.m.w.SpringBootMockServletContext : Initializing Spring TestDispatcherServlet ''
2023-06-08T20:02:56.296+03:00  INFO 59628 --- [           main] o.s.t.web.servlet.TestDispatcherServlet  : Initializing Servlet ''
2023-06-08T20:02:56.298+03:00  INFO 59628 --- [           main] o.s.t.web.servlet.TestDispatcherServlet  : Completed initialization in 2 ms
]]></system-out>
  </testcase>
  <testcase name="testDeleteCity" classname="com.farukkavlak.akbankbootcamp.controller.UserControllerTest" time="0.563">
    <system-out><![CDATA[2023-06-08T20:02:56.480+03:00  INFO 59628 --- [           main] o.s.b.t.m.w.SpringBootMockServletContext : Initializing Spring TestDispatcherServlet ''
2023-06-08T20:02:56.480+03:00  INFO 59628 --- [           main] o.s.t.web.servlet.TestDispatcherServlet  : Initializing Servlet ''
2023-06-08T20:02:56.480+03:00  INFO 59628 --- [           main] o.s.t.web.servlet.TestDispatcherServlet  : Completed initialization in 0 ms
2023-06-08T20:02:57.031+03:00  INFO 59628 --- [           main] c.f.a.service.entityService.LogService   : City: Ankara deleted from user with id: 1
]]></system-out>
  </testcase>
</testsuite>